Using pre-set license
Built from '2020.2/staging' branch; Version is '2020.2.7f1 (c53830e277f1) revision 12924976'; Using compiler version '192528614'; Build Type 'Release'
OS: 'Windows 10 Home; OS build 19042.985; Version 2009; 64bit' Language: 'en' Physical Memory: 16261 MB
BatchMode: 1, IsHumanControllingUs: 0, StartBugReporterOnCrash: 0, Is64bit: 1, IsPro: 0

 COMMAND LINE ARGUMENTS:
C:\Program Files\Unity\Hub\Editor\2020.2.7f1\Editor\Unity.exe
-adb2
-batchMode
-noUpm
-name
AssetImportWorker0
-projectPath
C:/Users/oskar/Desktop/Schoolwork/Programvaruarkitektur/Projekt/Programvaruarkitektur/Grupprojekt
-logFile
Logs/AssetImportWorker0.log
-srvPort
52495
Successfully changed project path to: C:/Users/oskar/Desktop/Schoolwork/Programvaruarkitektur/Projekt/Programvaruarkitektur/Grupprojekt
C:/Users/oskar/Desktop/Schoolwork/Programvaruarkitektur/Projekt/Programvaruarkitektur/Grupprojekt
Using Asset Import Pipeline V2.
Refreshing native plugins compatible for Editor in 59.71 ms, found 0 plugins.
Preloading 0 native plugins for Editor in 0.00 ms.
Initialize engine version: 2020.2.7f1 (c53830e277f1)
[Subsystems] Discovering subsystems at path C:/Program Files/Unity/Hub/Editor/2020.2.7f1/Editor/Data/Resources/UnitySubsystems
[Subsystems] Discovering subsystems at path C:/Users/oskar/Desktop/Schoolwork/Programvaruarkitektur/Projekt/Programvaruarkitektur/Grupprojekt/Assets
GfxDevice: creating device client; threaded=0
Direct3D:
    Version:  Direct3D 11.0 [level 11.1]
    Renderer: NVIDIA GeForce RTX 2060 (ID=0x1f11)
    Vendor:   
    VRAM:     5980 MB
    Driver:   27.21.14.6627
Initialize mono
Mono path[0] = 'C:/Program Files/Unity/Hub/Editor/2020.2.7f1/Editor/Data/Managed'
Mono path[1] = 'C:/Program Files/Unity/Hub/Editor/2020.2.7f1/Editor/Data/MonoBleedingEdge/lib/mono/unityjit'
Mono config path = 'C:/Program Files/Unity/Hub/Editor/2020.2.7f1/Editor/Data/MonoBleedingEdge/etc'
Using monoOptions --debugger-agent=transport=dt_socket,embedding=1,server=y,suspend=n,address=127.0.0.1:56120
Begin MonoManager ReloadAssembly
Registering precompiled unity dll's ...
Register platform support module: C:/Program Files/Unity/Hub/Editor/2020.2.7f1/Editor/Data/PlaybackEngines/WebGLSupport/UnityEditor.WebGL.Extensions.dll
Register platform support module: C:/Program Files/Unity/Hub/Editor/2020.2.7f1/Editor/Data/PlaybackEngines/WindowsStandaloneSupport/UnityEditor.WindowsStandalone.Extensions.dll
Registered in 0.004469 seconds.
Native extension for WindowsStandalone target not found
Native extension for WebGL target not found
Refreshing native plugins compatible for Editor in 45.35 ms, found 0 plugins.
Preloading 0 native plugins for Editor in 0.00 ms.
Invoked RoslynAnalysisRunner static constructor.
RoslynAnalysisRunner will not be running.
RoslynAnalysisRunner has terminated.
Mono: successfully reloaded assembly
- Completed reload, in  1.864 seconds
Platform modules already initialized, skipping
Registering precompiled user dll's ...
Registered in 0.001349 seconds.
Begin MonoManager ReloadAssembly
Native extension for WindowsStandalone target not found
Native extension for WebGL target not found
Refreshing native plugins compatible for Editor in 0.38 ms, found 0 plugins.
Preloading 0 native plugins for Editor in 0.00 ms.
Invoked RoslynAnalysisRunner static constructor.
RoslynAnalysisRunner will not be running.
RoslynAnalysisRunner has terminated.
Mono: successfully reloaded assembly
- Completed reload, in  1.196 seconds
Platform modules already initialized, skipping
========================================================================
Worker process is ready to serve import requests
Launched and connected shader compiler UnityShaderCompiler.exe after 0.10 seconds
Refreshing native plugins compatible for Editor in 0.37 ms, found 0 plugins.
Preloading 0 native plugins for Editor in 0.00 ms.
Unloading 1184 Unused Serialized files (Serialized files now loaded: 0)
System memory in use before: 83.8 MB.
System memory in use after: 83.8 MB.

Unloading 9 unused Assets to reduce memory usage. Loaded Objects now: 1654.
Total: 2.794000 ms (FindLiveObjects: 0.257400 ms CreateObjectMapping: 0.329400 ms MarkObjects: 2.032900 ms  DeleteObjects: 0.173100 ms)

========================================================================
Received Import Request.
  path: Assets/FS000_Day_02.mat
  artifactKey: Guid(e4884fffd28e2744588cc4b69cd0f853) Importer(815301076,1909f56bfc062723c751e8b465ee728b)
Start importing Assets/FS000_Day_02.mat using Guid(e4884fffd28e2744588cc4b69cd0f853) Importer(815301076,1909f56bfc062723c751e8b465ee728b)  -> (artifact id: 'f5c21a8137fe8a3b2ef96c9e21db4b68') in 0.186775 seconds
  Import took 0.189787 seconds .

========================================================================
Received Import Request.
  Time since last request: 0.000328 seconds.
  path: Assets/Player.prefab
  artifactKey: Guid(dfd6e5c3fb1af7f49ac4bf9bf3258ce3) Importer(815301076,1909f56bfc062723c751e8b465ee728b)
Start importing Assets/Player.prefab using Guid(dfd6e5c3fb1af7f49ac4bf9bf3258ce3) Importer(815301076,1909f56bfc062723c751e8b465ee728b)  -> (artifact id: 'aa4592e0ed44c7c3396804dcf312db59') in 0.036295 seconds
  Import took 0.038969 seconds .

========================================================================
Received Import Request.
  Time since last request: 0.000290 seconds.
  path: Assets/FS000_Day_02.png
  artifactKey: Guid(b524daa04f626ce428b55d153ffb6320) Importer(815301076,1909f56bfc062723c751e8b465ee728b)
Start importing Assets/FS000_Day_02.png using Guid(b524daa04f626ce428b55d153ffb6320) Importer(815301076,1909f56bfc062723c751e8b465ee728b)  -> (artifact id: '0d09f5d39193068c3801cb9639f54d86') in 0.088320 seconds
  Import took 0.090882 seconds .

========================================================================
Received Import Request.
  Time since last request: 64.886712 seconds.
  path: Assets/scripts/Player/GrapplingGun.cs
  artifactKey: Guid(483d2223f6de4414aa8e4f348998383b) Importer(815301076,1909f56bfc062723c751e8b465ee728b)
Start importing Assets/scripts/Player/GrapplingGun.cs using Guid(483d2223f6de4414aa8e4f348998383b) Importer(815301076,1909f56bfc062723c751e8b465ee728b)  -> (artifact id: '895f0efe80d07f49d284935e41ea2c66') in 0.011452 seconds
  Import took 0.014235 seconds .

========================================================================
Received Import Request.
  Time since last request: 0.031455 seconds.
  path: Assets/scripts/Player/GrapplingGun.cs
  artifactKey: Guid(483d2223f6de4414aa8e4f348998383b) Importer(815301076,1909f56bfc062723c751e8b465ee728b)
Start importing Assets/scripts/Player/GrapplingGun.cs using Guid(483d2223f6de4414aa8e4f348998383b) Importer(815301076,1909f56bfc062723c751e8b465ee728b)  -> (artifact id: '895f0efe80d07f49d284935e41ea2c66') in 0.005765 seconds
  Import took 0.008992 seconds .

AssetImportWorkerClient::OnTransportError - code=2 error=End of file
